2025-04-25 14:05:23 [INFO]: Loading environment from .env.testnet
2025-04-25 14:05:24 [INFO]: Listening for TokenLocked events on ErbieChain...
2025-04-25 14:05:24 [INFO]: Listening for TokenMinted events on BSC...
2025-04-25 14:06:17 [INFO]: TokenLocked event detected: lockId=18, user=0x2a241105a70C6372F9b4274158d74EFA38ab5CbB, amount=1, timestamp=1745561174
2025-04-25 14:06:17 [INFO]: Found transactionHash in event.log: 0xef5888beb448641af95377e3fcdb41053e2c227c507394ff890dfb1834efa280
2025-04-25 14:06:17 [INFO]: ErbieChain transaction saved to database: lockId=18, erbieTxHash=0xef5888beb448641af95377e3fcdb41053e2c227c507394ff890dfb1834efa280
2025-04-25 14:06:17 [INFO]: Checking contract state and permissions for wallet: 0x2a241105a70C6372F9b4274158d74EFA38ab5CbB...
2025-04-25 14:06:18 [INFO]: Contract is active (not paused)
2025-04-25 14:06:19 [INFO]: Wallet is an authorized relayer: 0x2a241105a70C6372F9b4274158d74EFA38ab5CbB
2025-04-25 14:06:19 [INFO]: Converting erbieTxHash to bytes32: original=0xef5888beb448641af95377e3fcdb41053e2c227c507394ff890dfb1834efa280, converted=0xef5888beb448641af95377e3fcdb41053e2c227c507394ff890dfb1834efa280
2025-04-25 14:06:19 [INFO]: Transaction hash has not been processed yet: 0xef5888beb448641af95377e3fcdb41053e2c227c507394ff890dfb1834efa280
2025-04-25 14:06:22 [INFO]: BSC transaction submitted: lockId=18, hash=0x4f73b74ce5ab2592c287e83312e94f989ea4011c7a46806fad5eebf296f70333
2025-04-25 14:06:29 [INFO]: BSC transaction confirmed: lockId=18, blockNumber=50765245
2025-04-25 14:06:29 [INFO]: Database updated with BSC transaction details: lockId=18
2025-04-25 14:10:24 [INFO]: Retrying transaction: lockId=15, retry count=2
2025-04-25 14:10:24 [INFO]: Checking contract state and permissions for wallet: 0x2a241105a70C6372F9b4274158d74EFA38ab5CbB...
2025-04-25 14:10:24 [INFO]: Contract is active (not paused)
2025-04-25 14:10:25 [INFO]: Wallet is an authorized relayer: 0x2a241105a70C6372F9b4274158d74EFA38ab5CbB
2025-04-25 14:10:25 [INFO]: Converting erbieTxHash to bytes32: original=0xac379717906d2d4952fd7a82023e80634030952a920fc8403012b9edaee734c9, converted=0xac379717906d2d4952fd7a82023e80634030952a920fc8403012b9edaee734c9
2025-04-25 14:10:25 [INFO]: Transaction hash has not been processed yet: 0xac379717906d2d4952fd7a82023e80634030952a920fc8403012b9edaee734c9
2025-04-25 14:10:28 [INFO]: BSC transaction submitted: lockId=15, hash=0xdbaeeb1cf70f42fcbaded379dc6a608aacf0e42ab31a9fe6e4083d65c3c603d8
2025-04-25 14:10:30 [INFO]: BSC transaction confirmed: lockId=15, blockNumber=50765408
2025-04-25 14:10:30 [INFO]: Database updated with BSC transaction details: lockId=15
2025-04-25 14:10:30 [INFO]: Retrying transaction: lockId=16, retry count=0
2025-04-25 14:10:30 [INFO]: Checking contract state and permissions for wallet: 0x2a241105a70C6372F9b4274158d74EFA38ab5CbB...
2025-04-25 14:10:30 [INFO]: Contract is active (not paused)
2025-04-25 14:10:30 [INFO]: Wallet is an authorized relayer: 0x2a241105a70C6372F9b4274158d74EFA38ab5CbB
2025-04-25 14:10:30 [INFO]: Converting erbieTxHash to bytes32: original=0xe74ce521caf93583b76a6fc2d06c48a5de8334e3766ee558936bd5afa3bba263, converted=0xe74ce521caf93583b76a6fc2d06c48a5de8334e3766ee558936bd5afa3bba263
2025-04-25 14:10:31 [INFO]: Transaction hash has not been processed yet: 0xe74ce521caf93583b76a6fc2d06c48a5de8334e3766ee558936bd5afa3bba263
2025-04-25 14:10:34 [INFO]: BSC transaction submitted: lockId=16, hash=0xcc393a95834d50a8de4aad7f2f0cea4ec51d062ed8912fe9cd2230ebc51e9b6e
2025-04-25 14:10:39 [INFO]: BSC transaction confirmed: lockId=16, blockNumber=50765412
2025-04-25 14:10:39 [INFO]: Database updated with BSC transaction details: lockId=16
2025-04-25 14:10:39 [INFO]: Retrying transaction: lockId=17, retry count=0
2025-04-25 14:10:39 [INFO]: Checking contract state and permissions for wallet: 0x2a241105a70C6372F9b4274158d74EFA38ab5CbB...
2025-04-25 14:10:40 [INFO]: Contract is active (not paused)
2025-04-25 14:10:40 [INFO]: Wallet is an authorized relayer: 0x2a241105a70C6372F9b4274158d74EFA38ab5CbB
2025-04-25 14:10:40 [INFO]: Converting erbieTxHash to bytes32: original=0x0c4d150daa6c5d1f3a8a0a066bc6320f3e636b6db85a85f2c43a27cd95fbf563, converted=0x0c4d150daa6c5d1f3a8a0a066bc6320f3e636b6db85a85f2c43a27cd95fbf563
2025-04-25 14:10:41 [INFO]: Transaction hash has not been processed yet: 0x0c4d150daa6c5d1f3a8a0a066bc6320f3e636b6db85a85f2c43a27cd95fbf563
2025-04-25 14:10:44 [INFO]: BSC transaction submitted: lockId=17, hash=0xb8cfcbe57e58b79a825b10ac6a89e9e5223f3dbbc78da1f8fddd29068c098937
2025-04-25 14:10:50 [INFO]: BSC transaction confirmed: lockId=17, blockNumber=50765419
2025-04-25 14:10:50 [INFO]: Database updated with BSC transaction details: lockId=17
